<?xml version="1.0" encoding="UTF-8"?>
<!-- Generated by org.testng.reporters.JUnitReportReporter -->
<testsuite name="com.nectar.ambrosia.tests.LoginScreen" tests="2" time="34.752" ignored="0" failures="0" timestamp="02 Aug 2019 12:33:17 GMT" skipped="0" hostname="IP-C6134807" errors="0">
  <testcase name="loginIntoApplication" time="34.733" classname="com.nectar.ambrosia.tests.LoginScreen"/>
  <testcase name="preparePageObjects" time="0.019" classname="com.nectar.ambrosia.tests.LoginScreen"/>
</testsuite> <!-- com.nectar.ambrosia.tests.LoginScreen -->
